0 info it worked if it ends with ok
1 verbose cli [ 'node', '/usr/local/bin/npm', 'start' ]
2 info using npm@1.2.14
3 info using node@v0.10.0
4 verbose read json /Users/jeff/Documents/Projects/Active_Projects/httpacman/package.json
5 verbose run-script [ 'prestart', 'start', 'poststart' ]
6 info prestart Project_Name@1.5.4
7 info start Project_Name@1.5.4
8 verbose unsafe-perm in lifecycle true
9 silly exec sh "-c" "node server.js"
10 silly sh,-c,node server.js,/Users/jeff/Documents/Projects/Active_Projects/httpacman spawning
11 info Project_Name@1.5.4 Failed to exec start script
12 error Project_Name@1.5.4 start: `node server.js`
12 error `sh "-c" "node server.js"` failed with 8
13 error Failed at the Project_Name@1.5.4 start script.
13 error This is most likely a problem with the Project_Name package,
13 error not with npm itself.
13 error Tell the author that this fails on your system:
13 error     node server.js
13 error You can get their info via:
13 error     npm owner ls Project_Name
13 error There is likely additional logging output above.
14 error System Darwin 10.8.0
15 error command "node" "/usr/local/bin/npm" "start"
16 error cwd /Users/jeff/Documents/Projects/Active_Projects/httpacman
17 error node -v v0.10.0
18 error npm -v 1.2.14
19 error code ELIFECYCLE
20 verbose exit [ 1, true ]
